# JRE version: OpenJDK Runtime Environment (8.0_111-b14) (build 1.8.0_111-8u111-b14-3-b14)
# Java VM: OpenJDK 64-Bit Server VM (25.111-b14 mixed mode linux-amd64 compressed oops)
Heap:
 PSYoungGen      total 1905152K, used 1834228K [0x0000000743700000, 0x00000007bec80000, 0x00000007c0000000)
  eden space 1792512K, 100% used [0x0000000743700000,0x00000007b0d80000,0x00000007b0d80000)
  from space 112640K, 37% used [0x00000007b7e80000,0x00000007ba73d078,0x00000007bec80000)
  to   space 114176K, 33% used [0x00000007b0d80000,0x00000007b32fd6b8,0x00000007b7d00000)
 ParOldGen       total 1183232K, used 809942K [0x000000064a400000, 0x0000000692780000, 0x0000000743700000)
  object space 1183232K, 68% used [0x000000064a400000,0x000000067baf5900,0x0000000692780000)
 Metaspace       used 8295K, capacity 8692K, committed 8960K, reserved 1056768K
  class space    used 876K, capacity 962K, committed 1024K, reserved 1048576K
GC Heap History (10 events):
Event: 269,303 GC heap after
Heap after GC invocations=49 (full 3):
 PSYoungGen      total 1868800K, used 50964K [0x0000000743700000, 0x00000007be600000, 0x00000007c0000000)
  eden space 1731584K, 0% used [0x0000000743700000,0x0000000743700000,0x00000007ad200000)
  from space 137216K, 37% used [0x00000007b6000000,0x00000007b91c5368,0x00000007be600000)
  to   space 141312K, 0% used [0x00000007ad200000,0x00000007ad200000,0x00000007b5c00000)
 ParOldGen       total 1183232K, used 766391K [0x000000064a400000, 0x0000000692780000, 0x0000000743700000)
  object space 1183232K, 64% used [0x000000064a400000,0x000000067906df70,0x0000000692780000)
 Metaspace       used 8295K, capacity 8692K, committed 8960K, reserved 1056768K
  class space    used 876K, capacity 962K, committed 1024K, reserved 1048576K
}
Event: 271,128 GC heap before
{Heap before GC invocations=50 (full 3):
 PSYoungGen      total 1868800K, used 1782548K [0x0000000743700000, 0x00000007be600000, 0x00000007c0000000)
  eden space 1731584K, 100% used [0x0000000743700000,0x00000007ad200000,0x00000007ad200000)
  from space 137216K, 37% used [0x00000007b6000000,0x00000007b91c5368,0x00000007be600000)
  to   space 141312K, 0% used [0x00000007ad200000,0x00000007ad200000,0x00000007b5c00000)
 ParOldGen       total 1183232K, used 766391K [0x000000064a400000, 0x0000000692780000, 0x0000000743700000)
  object space 1183232K, 64% used [0x000000064a400000,0x000000067906df70,0x0000000692780000)
 Metaspace       used 8295K, capacity 8692K, committed 8960K, reserved 1056768K
  class space    used 876K, capacity 962K, committed 1024K, reserved 1048576K
Event: 271,162 GC heap after
Heap after GC invocations=50 (full 3):
 PSYoungGen      total 1872896K, used 53984K [0x0000000743700000, 0x00000007bf600000, 0x00000007c0000000)
  eden space 1731584K, 0% used [0x0000000743700000,0x0000000743700000,0x00000007ad200000)
  from space 141312K, 38% used [0x00000007ad200000,0x00000007b06b81b0,0x00000007b5c00000)
  to   space 134144K, 0% used [0x00000007b7300000,0x00000007b7300000,0x00000007bf600000)
 ParOldGen       total 1183232K, used 771918K [0x000000064a400000, 0x0000000692780000, 0x0000000743700000)
  object space 1183232K, 65% used [0x000000064a400000,0x00000006795d3b20,0x0000000692780000)
 Metaspace       used 8295K, capacity 8692K, committed 8960K, reserved 1056768K
  class space    used 876K, capacity 962K, committed 1024K, reserved 1048576K
}
Event: 273,028 GC heap before
{Heap before GC invocations=51 (full 3):
 PSYoungGen      total 1872896K, used 1785568K [0x0000000743700000, 0x00000007bf600000, 0x00000007c0000000)
  eden space 1731584K, 100% used [0x0000000743700000,0x00000007ad200000,0x00000007ad200000)
  from space 141312K, 38% used [0x00000007ad200000,0x00000007b06b81b0,0x00000007b5c00000)
  to   space 134144K, 0% used [0x00000007b7300000,0x00000007b7300000,0x00000007bf600000)
 ParOldGen       total 1183232K, used 771918K [0x000000064a400000, 0x0000000692780000, 0x0000000743700000)
  object space 1183232K, 65% used [0x000000064a400000,0x00000006795d3b20,0x0000000692780000)
 Metaspace       used 8295K, capacity 8692K, committed 8960K, reserved 1056768K
  class space    used 876K, capacity 962K, committed 1024K, reserved 1048576K
Event: 273,068 GC heap after
Heap after GC invocations=51 (full 3):
 PSYoungGen      total 1890304K, used 53579K [0x0000000743700000, 0x00000007bed00000, 0x00000007c0000000)
  eden space 1765376K, 0% used [0x0000000743700000,0x0000000743700000,0x00000007af300000)
  from space 124928K, 42% used [0x00000007b7300000,0x00000007ba752f80,0x00000007bed00000)
  to   space 128000K, 0% used [0x00000007af300000,0x00000007af300000,0x00000007b7000000)
 ParOldGen       total 1183232K, used 778279K [0x000000064a400000, 0x0000000692780000, 0x0000000743700000)
  object space 1183232K, 65% used [0x000000064a400000,0x0000000679c09d58,0x0000000692780000)
 Metaspace       used 8295K, capacity 8692K, committed 8960K, reserved 1056768K
  class space    used 876K, capacity 962K, committed 1024K, reserved 1048576K
}
Event: 274,845 GC heap before
{Heap before GC invocations=52 (full 3):
 PSYoungGen      total 1890304K, used 1818955K [0x0000000743700000, 0x00000007bed00000, 0x00000007c0000000)
  eden space 1765376K, 100% used [0x0000000743700000,0x00000007af300000,0x00000007af300000)
  from space 124928K, 42% used [0x00000007b7300000,0x00000007ba752f80,0x00000007bed00000)
  to   space 128000K, 0% used [0x00000007af300000,0x00000007af300000,0x00000007b7000000)
 ParOldGen       total 1183232K, used 778279K [0x000000064a400000, 0x0000000692780000, 0x0000000743700000)
  object space 1183232K, 65% used [0x000000064a400000,0x0000000679c09d58,0x0000000692780000)
 Metaspace       used 8295K, capacity 8692K, committed 8960K, reserved 1056768K
  class space    used 876K, capacity 962K, committed 1024K, reserved 1048576K
Event: 274,880 GC heap after
Heap after GC invocations=52 (full 3):
 PSYoungGen      total 1893376K, used 46591K [0x0000000743700000, 0x00000007bf400000, 0x00000007c0000000)
  eden space 1765376K, 0% used [0x0000000743700000,0x0000000743700000,0x00000007af300000)
  from space 128000K, 36% used [0x00000007af300000,0x00000007b207fdc8,0x00000007b7000000)
  to   space 120320K, 0% used [0x00000007b7e80000,0x00000007b7e80000,0x00000007bf400000)
 ParOldGen       total 1183232K, used 789847K [0x000000064a400000, 0x0000000692780000, 0x0000000743700000)
  object space 1183232K, 66% used [0x000000064a400000,0x000000067a755f50,0x0000000692780000)
 Metaspace       used 8295K, capacity 8692K, committed 8960K, reserved 1056768K
  class space    used 876K, capacity 962K, committed 1024K, reserved 1048576K
}
Event: 276,187 GC heap before
{Heap before GC invocations=53 (full 3):
 PSYoungGen      total 1893376K, used 1811967K [0x0000000743700000, 0x00000007bf400000, 0x00000007c0000000)
  eden space 1765376K, 100% used [0x0000000743700000,0x00000007af300000,0x00000007af300000)
  from space 128000K, 36% used [0x00000007af300000,0x00000007b207fdc8,0x00000007b7000000)
  to   space 120320K, 0% used [0x00000007b7e80000,0x00000007b7e80000,0x00000007bf400000)
 ParOldGen       total 1183232K, used 789847K [0x000000064a400000, 0x0000000692780000, 0x0000000743700000)
  object space 1183232K, 66% used [0x000000064a400000,0x000000067a755f50,0x0000000692780000)
 Metaspace       used 8295K, capacity 8692K, committed 8960K, reserved 1056768K
  class space    used 876K, capacity 962K, committed 1024K, reserved 1048576K
Event: 276,224 GC heap after
Heap after GC invocations=53 (full 3):
 PSYoungGen      total 1905152K, used 41716K [0x0000000743700000, 0x00000007bec80000, 0x00000007c0000000)
  eden space 1792512K, 0% used [0x0000000743700000,0x0000000743700000,0x00000007b0d80000)
  from space 112640K, 37% used [0x00000007b7e80000,0x00000007ba73d078,0x00000007bec80000)
  to   space 114176K, 0% used [0x00000007b0d80000,0x00000007b0d80000,0x00000007b7d00000)
 ParOldGen       total 1183232K, used 801164K [0x000000064a400000, 0x0000000692780000, 0x0000000743700000)
  object space 1183232K, 67% used [0x000000064a400000,0x000000067b2633d0,0x0000000692780000)
 Metaspace       used 8295K, capacity 8692K, committed 8960K, reserved 1056768K
  class space    used 876K, capacity 962K, committed 1024K, reserved 1048576K
}
Event: 277,984 GC heap before
{Heap before GC invocations=54 (full 3):
 PSYoungGen      total 1905152K, used 1834228K [0x0000000743700000, 0x00000007bec80000, 0x00000007c0000000)
  eden space 1792512K, 100% used [0x0000000743700000,0x00000007b0d80000,0x00000007b0d80000)
  from space 112640K, 37% used [0x00000007b7e80000,0x00000007ba73d078,0x00000007bec80000)
  to   space 114176K, 0% used [0x00000007b0d80000,0x00000007b0d80000,0x00000007b7d00000)
 ParOldGen       total 1183232K, used 801164K [0x000000064a400000, 0x0000000692780000, 0x0000000743700000)
  object space 1183232K, 67% used [0x000000064a400000,0x000000067b2633d0,0x0000000692780000)
 Metaspace       used 8295K, capacity 8692K, committed 8960K, reserved 1056768K
  class space    used 876K, capacity 962K, committed 1024K, reserved 1048576K

